Arguments: 
  D:\server\nodejs\node.exe C:\Users\ZMC\AppData\Roaming\npm\node_modules\yarn\bin\yarn.js init

PATH: 
  C:\Users\ZMC\bin;D:\server\Git\mingw64\bin;D:\server\Git\usr\local\bin;D:\server\Git\usr\bin;D:\server\Git\usr\bin;D:\server\Git\mingw64\bin;D:\server\Git\usr\bin;C:\Users\ZMC\bin;C:\Windows\system32;C:\Windows;C:\Windows\System32\Wbem;C:\Windows\System32\WindowsPowerShell\v1.0;C:\Program Files\Lenovo\Bluetooth Software;C:\Program Files\Lenovo\Bluetooth Software\syswow64;D:\tool\phantomjs-2.1.1-windows\bin;D:\server\jdk1.8.0_221\bin;D:\server\apache-maven-3.6.1\bin;D:\server\nodejs;D:\server\Python27;D:\server\TortoiseSVN\bin;D:\server\Python\Python38\Scripts;D:\server\Python\Python38;C:\Users\ZMC\AppData\Local\Programs\Python\Launcher;C:\Users\ZMC\AppData\Local\Programs\Fiddler;D:\tool\Microsoft VS Code\bin;C:\Users\ZMC\AppData\Roaming\npm;D:\server\Git\usr\bin\vendor_perl;D:\server\Git\usr\bin\core_perl

Yarn version: 
  1.22.10

Node version: 
  13.6.0

Platform: 
  win32 x64

Trace: 
  Error: Can't answer a question unless a user TTY
      at ConsoleReporter.question (C:\Users\ZMC\AppData\Roaming\npm\node_modules\yarn\lib\cli.js:96361:59)
      at Object.<anonymous> (C:\Users\ZMC\AppData\Roaming\npm\node_modules\yarn\lib\cli.js:88636:38)
      at Generator.next (<anonymous>)
      at step (C:\Users\ZMC\AppData\Roaming\npm\node_modules\yarn\lib\cli.js:310:30)
      at C:\Users\ZMC\AppData\Roaming\npm\node_modules\yarn\lib\cli.js:321:13
      at processTicksAndRejections (internal/process/task_queues.js:97:5)

npm manifest: 
  No manifest

yarn manifest: 
  No manifest

Lockfile: 
  No lockfile
